<?xml version="1.0" encoding="UTF-8"?>
<!-- Generated by org.testng.reporters.JUnitReportReporter -->
<testsuite hostname="DESKTOP-7E3RJ6K" failures="0" tests="1" name="travelSiteTest.TravelSiteTest" time="37.107" errors="0" timestamp="2023-08-16T17:19:57 BDT" skipped="0">
  <testcase classname="travelSiteTest.TravelSiteTest" name="searchFlight" time="37.107"/>
</testsuite> <!-- travelSiteTest.TravelSiteTest -->
